'creat' : Options = 2
('foo', 'A/foo')

'mkdir' : Options = 1
('A',)

'falloc' : Options = 30
[('foo', 'FALLOC_FL_ZERO_RANGE', 'append'), ('foo', 'FALLOC_FL_ZERO_RANGE', 'overlap_unaligned_start'), ('foo', 'FALLOC_FL_ZERO_RANGE', 'overlap_extend'), ('foo', 'FALLOC_FL_ZERO_RANGE|FALLOC_FL_KEEP_SIZE', 'append'), ('foo', 'FALLOC_FL_ZERO_RANGE|FALLOC_FL_KEEP_SIZE', 'overlap_unaligned_start'), ('foo', 'FALLOC_FL_ZERO_RANGE|FALLOC_FL_KEEP_SIZE', 'overlap_extend'), ('foo', 'FALLOC_FL_PUNCH_HOLE|FALLOC_FL_KEEP_SIZE', 'append'), ('foo', 'FALLOC_FL_PUNCH_HOLE|FALLOC_FL_KEEP_SIZE', 'overlap_unaligned_start'), ('foo', 'FALLOC_FL_PUNCH_HOLE|FALLOC_FL_KEEP_SIZE', 'overlap_extend'), ('foo', 'FALLOC_FL_KEEP_SIZE', 'append'), ('foo', 'FALLOC_FL_KEEP_SIZE', 'overlap_unaligned_start'), ('foo', 'FALLOC_FL_KEEP_SIZE', 'overlap_extend'), ('foo', 0, 'append'), ('foo', 0, 'overlap_unaligned_start'), ('foo', 0, 'overlap_extend'), ('A/foo', 'FALLOC_FL_ZERO_RANGE', 'append'), ('A/foo', 'FALLOC_FL_ZERO_RANGE', 'overlap_unaligned_start'), ('A/foo', 'FALLOC_FL_ZERO_RANGE', 'overlap_extend'), ('A/foo', 'FALLOC_FL_ZERO_RANGE|FALLOC_FL_KEEP_SIZE', 'append'), ('A/foo', 'FALLOC_FL_ZERO_RANGE|FALLOC_FL_KEEP_SIZE', 'overlap_unaligned_start'), ('A/foo', 'FALLOC_FL_ZERO_RANGE|FALLOC_FL_KEEP_SIZE', 'overlap_extend'), ('A/foo', 'FALLOC_FL_PUNCH_HOLE|FALLOC_FL_KEEP_SIZE', 'append'), ('A/foo', 'FALLOC_FL_PUNCH_HOLE|FALLOC_FL_KEEP_SIZE', 'overlap_unaligned_start'), ('A/foo', 'FALLOC_FL_PUNCH_HOLE|FALLOC_FL_KEEP_SIZE', 'overlap_extend'), ('A/foo', 'FALLOC_FL_KEEP_SIZE', 'append'), ('A/foo', 'FALLOC_FL_KEEP_SIZE', 'overlap_unaligned_start'), ('A/foo', 'FALLOC_FL_KEEP_SIZE', 'overlap_extend'), ('A/foo', 0, 'append'), ('A/foo', 0, 'overlap_unaligned_start'), ('A/foo', 0, 'overlap_extend')]

'write' : Options = 6
[('foo', 'append'), ('foo', 'overlap_unaligned_start'), ('foo', 'overlap_extend'), ('A/foo', 'append'), ('A/foo', 'overlap_unaligned_start'), ('A/foo', 'overlap_extend')]

'dwrite' : Options = 4
[('foo', 'append'), ('foo', 'overlap_start'), ('A/foo', 'append'), ('A/foo', 'overlap_start')]

'mmapwrite' : Options = 4
[('foo', 'append'), ('foo', 'overlap_start'), ('A/foo', 'append'), ('A/foo', 'overlap_start')]

'link' : Options = 6
[('foo', 'bar'), ('foo', 'A/bar'), ('A/foo', 'bar'), ('A/foo', 'A/bar'), ('bar', 'A/bar'), ('A/bar', 'bar')]

'unlink' : Options = 4
('foo', 'A/foo', 'bar', 'A/bar')

'remove' : Options = 4
('foo', 'A/foo', 'bar', 'A/bar')

'rename' : Options = 7
[('foo', 'bar'), ('foo', 'A/bar'), ('A/foo', 'bar'), ('A/foo', 'A/bar'), ('bar', 'A/bar'), ('A/bar', 'bar'), ('A', 'B')]

'fsetxattr' : Options = 2
('foo', 'A/foo')

'removexattr' : Options = 2
('foo', 'A/foo')

'truncate' : Options = 2
[('foo', 'unaligned'), ('A/foo', 'unaligned')]

'fdatasync' : Options = 2
('foo', 'A/foo')

